app/build/intermediates/manifest_merge_blame_file/release/manifest-merger-blame-release-report.txt
1<?xml version="1.0" encoding="utf-8"?>
2<manifest xmlns:android="http://schemas.android.com/apk/res/android"
3    package="com.noveasmibeta"
4    android:versionCode="1"
5    android:versionName="1.0" >
6
7    <uses-sdk
8        android:minSdkVersion="24"
9        android:targetSdkVersion="34" />
10
11    <uses-permission android:name="android.permission.BIND_DEVICE_ADMIN" />
11-->src\main\AndroidManifest.xml:5:5-76
11-->src\main\AndroidManifest.xml:5:22-73
12    <uses-permission android:name="android.permission.RECORD_AUDIO" />
12-->src\main\AndroidManifest.xml:6:5-71
12-->src\main\AndroidManifest.xml:6:22-68
13    <uses-permission android:name="android.permission.FOREGROUND_SERVICE" />
13-->src\main\AndroidManifest.xml:7:5-77
13-->src\main\AndroidManifest.xml:7:22-74
14    <uses-permission android:name="android.permission.FOREGROUND_SERVICE_MICROPHONE" />
14-->src\main\AndroidManifest.xml:8:5-88
14-->src\main\AndroidManifest.xml:8:22-85
15    <uses-permission android:name="android.permission.POST_NOTIFICATIONS" />
15-->src\main\AndroidManifest.xml:9:5-77
15-->src\main\AndroidManifest.xml:9:22-74
16
17    <permission
17-->[androidx.core:core:1.9.0] AndroidManifest.xml:22:5-24:47
18        android:name="com.noveasmibeta.DYNAMIC_RECEIVER_NOT_EXPORTED_PERMISSION"
18-->[androidx.core:core:1.9.0] AndroidManifest.xml:23:9-81
19        android:protectionLevel="signature" />
19-->[androidx.core:core:1.9.0] AndroidManifest.xml:24:9-44
20
21    <uses-permission android:name="com.noveasmibeta.DYNAMIC_RECEIVER_NOT_EXPORTED_PERMISSION" />
21-->[androidx.core:core:1.9.0] AndroidManifest.xml:26:5-97
21-->[androidx.core:core:1.9.0] AndroidManifest.xml:26:22-94
22
23    <application
23-->src\main\AndroidManifest.xml:11:5-49:19
24        android:allowBackup="true"
24-->src\main\AndroidManifest.xml:12:9-35
25        android:appComponentFactory="androidx.core.app.CoreComponentFactory"
25-->[androidx.core:core:1.9.0] AndroidManifest.xml:28:18-86
26        android:extractNativeLibs="false"
27        android:icon="@android:drawable/ic_lock_lock"
27-->src\main\AndroidManifest.xml:13:9-54
28        android:label="@string/app_name"
28-->src\main\AndroidManifest.xml:14:9-41
29        android:supportsRtl="true"
29-->src\main\AndroidManifest.xml:15:9-35
30        android:theme="@style/Theme.NoVeasMiBeta" >
30-->src\main\AndroidManifest.xml:16:9-50
31        <activity
31-->src\main\AndroidManifest.xml:18:9-25:20
32            android:name="com.noveasmibeta.MainActivity"
32-->src\main\AndroidManifest.xml:19:13-41
33            android:exported="true" >
33-->src\main\AndroidManifest.xml:20:13-36
34            <intent-filter>
34-->src\main\AndroidManifest.xml:21:13-24:29
35                <action android:name="android.intent.action.MAIN" />
35-->src\main\AndroidManifest.xml:22:17-69
35-->src\main\AndroidManifest.xml:22:25-66
36
37                <category android:name="android.intent.category.LAUNCHER" />
37-->src\main\AndroidManifest.xml:23:17-77
37-->src\main\AndroidManifest.xml:23:27-74
38            </intent-filter>
39        </activity>
40
41        <service
41-->src\main\AndroidManifest.xml:27:9-31:58
42            android:name="com.noveasmibeta.VoiceListenerService"
42-->src\main\AndroidManifest.xml:28:13-49
43            android:enabled="true"
43-->src\main\AndroidManifest.xml:29:13-35
44            android:exported="false"
44-->src\main\AndroidManifest.xml:30:13-37
45            android:foregroundServiceType="microphone" />
45-->src\main\AndroidManifest.xml:31:13-55
46        <service
46-->src\main\AndroidManifest.xml:33:9-36:40
47            android:name="com.noveasmibeta.VoskVoiceService"
47-->src\main\AndroidManifest.xml:34:13-45
48            android:enabled="true"
48-->src\main\AndroidManifest.xml:35:13-35
49            android:exported="false" />
49-->src\main\AndroidManifest.xml:36:13-37
50
51        <receiver
51-->src\main\AndroidManifest.xml:38:9-48:20
52            android:name="com.noveasmibeta.AdminReceiver"
52-->src\main\AndroidManifest.xml:39:13-42
53            android:exported="true"
53-->src\main\AndroidManifest.xml:41:13-36
54            android:permission="android.permission.BIND_DEVICE_ADMIN" >
54-->src\main\AndroidManifest.xml:40:13-70
55            <meta-data
55-->src\main\AndroidManifest.xml:42:13-44:56
56                android:name="android.app.device_admin"
56-->src\main\AndroidManifest.xml:43:17-56
57                android:resource="@xml/device_admin" />
57-->src\main\AndroidManifest.xml:44:17-53
58
59            <intent-filter>
59-->src\main\AndroidManifest.xml:45:13-47:29
60                <action android:name="android.app.action.DEVICE_ADMIN_ENABLED" />
60-->src\main\AndroidManifest.xml:46:17-82
60-->src\main\AndroidManifest.xml:46:25-79
61            </intent-filter>
62        </receiver>
63
64        <provider
64-->[androidx.emoji2:emoji2:1.2.0] AndroidManifest.xml:24:9-32:20
65            android:name="androidx.startup.InitializationProvider"
65-->[androidx.emoji2:emoji2:1.2.0] AndroidManifest.xml:25:13-67
66            android:authorities="com.noveasmibeta.androidx-startup"
66-->[androidx.emoji2:emoji2:1.2.0] AndroidManifest.xml:26:13-68
67            android:exported="false" >
67-->[androidx.emoji2:emoji2:1.2.0] AndroidManifest.xml:27:13-37
68            <meta-data
68-->[androidx.emoji2:emoji2:1.2.0] AndroidManifest.xml:29:13-31:52
69                android:name="androidx.emoji2.text.EmojiCompatInitializer"
69-->[androidx.emoji2:emoji2:1.2.0] AndroidManifest.xml:30:17-75
70                android:value="androidx.startup" />
70-->[androidx.emoji2:emoji2:1.2.0] AndroidManifest.xml:31:17-49
71            <meta-data
71-->[androidx.lifecycle:lifecycle-process:2.4.1] AndroidManifest.xml:31:13-33:52
72                android:name="androidx.lifecycle.ProcessLifecycleInitializer"
72-->[androidx.lifecycle:lifecycle-process:2.4.1] AndroidManifest.xml:32:17-78
73                android:value="androidx.startup" />
73-->[androidx.lifecycle:lifecycle-process:2.4.1] AndroidManifest.xml:33:17-49
74        </provider>
75    </application>
76
77</manifest>